<?xml version="1.0" encoding="UTF-8"?>
<!-- Generated by org.testng.reporters.JUnitXMLReporter -->
<testsuite hostname="LAPTOP-468AMR1I" ignored="0" name="Test" tests="10" failures="0" timestamp="2022-05-17T19:25:21 IST" time="49.1" errors="0">
  <testcase name="loginApp" time="6.273" classname="Hybrid.logincrm"/>
  <testcase name="signupapp" time="7.481" classname="Hybrid.logincrm"/>
  <testcase name="searchupapp" time="3.663" classname="Hybrid.logincrm"/>
  <testcase name="Bedapp" time="8.038" classname="Hybrid.logincrm"/>
  <testcase name="Bedappcart" time="4.514" classname="Hybrid.logincrm"/>
  <testcase name="assertionaa" time="2.954" classname="Hybrid.logincrm"/>
  <testcase name="tvappcart" time="2.032" classname="Hybrid.logincrm"/>
  <testcase name="studyapp" time="2.749" classname="Hybrid.logincrm"/>
  <testcase name="aboutapp" time="0.806" classname="Hybrid.logincrm"/>
  <testcase name="infoapp" time="0.548" classname="Hybrid.logincrm"/>
</testsuite> <!-- Test -->
