<?xml version="1.0" encoding="UTF-8"?>
<!-- Generated by org.testng.reporters.JUnitXMLReporter -->
<testsuite ignored="0" hostname="sridhar" failures="0" tests="10" name="Default test" time="78.168" errors="0" timestamp="2022-06-05T13:26:41 IST">
  <testcase classname="Runner.loginnobroker" name="loginApp" time="2.501"/>
  <testcase classname="Runner.loginnobroker" name="searchpapp" time="4.867"/>
  <testcase classname="Runner.loginnobroker" name="menuappoo" time="1.377"/>
  <testcase classname="Runner.loginnobroker" name="searapp" time="1.081"/>
  <testcase classname="Runner.loginnobroker" name="studyapp" time="5.443"/>
  <testcase classname="Runner.loginnobroker" name="aboutaa" time="15.582"/>
  <testcase classname="Runner.loginnobroker" name="rentalagr" time="18.935"/>
  <testcase classname="Runner.loginnobroker" name="loancart" time="8.169"/>
  <testcase classname="Runner.loginnobroker" name="siteapp" time="1.655"/>
  <testcase classname="Runner.loginnobroker" name="infoapp" time="5.593"/>
</testsuite> <!-- Default test -->
